Building DAG of jobs...
IncompleteFilesException:
The files below seem to be incomplete. If you are sure that certain files are not incomplete, mark them as complete with

    snakemake --cleanup-metadata <filenames>

To re-generate the files rerun your command with the --rerun-incomplete flag.
Incomplete files:
/home/odette/DIY/results/mapping/SRR8668772
/home/odette/DIY/results/mapping/SRR8668756
/home/odette/DIY/results/mapping/SRR8668774
/home/odette/DIY/results/mapping/SRR8668769
/home/odette/DIY/results/mapping/SRR8668771
/home/odette/DIY/results/mapping/SRR8668758
/home/odette/DIY/results/mapping/SRR8668773
/home/odette/DIY/results/mapping/SRR8668757
/home/odette/DIY/results/mapping/SRR8668755_1M_subsample
/home/odette/DIY/results/mapping/SRR8668755
/home/odette/DIY/results/mapping/SRR8668759
/home/odette/DIY/logs/QUANT/kallisto_SRR8668772.log
/home/odette/DIY/logs/QUANT/kallisto_SRR8668756.log
/home/odette/DIY/logs/QUANT/kallisto_SRR8668774.log
/home/odette/DIY/logs/QUANT/kallisto_SRR8668769.log
/home/odette/DIY/logs/QUANT/kallisto_SRR8668771.log
/home/odette/DIY/logs/QUANT/kallisto_SRR8668758.log
/home/odette/DIY/logs/QUANT/kallisto_SRR8668773.log
/home/odette/DIY/logs/QUANT/kallisto_SRR8668757.log
/home/odette/DIY/logs/QUANT/kallisto_SRR8668755_1M_subsample.log
/home/odette/DIY/logs/QUANT/kallisto_SRR8668755.log
/home/odette/DIY/logs/QUANT/kallisto_SRR8668759.log
