Building DAG of jobs...
Using shell: /usr/bin/bash
Provided cores: 4
Rules claiming more threads will be scaled down.
Job stats:
job                   count    min threads    max threads
------------------  -------  -------------  -------------
all                       1              1              1
kallisto_map_quant        1              4              4
total                     2              1              4

Select jobs to execute...

[Fri Dec 15 19:37:41 2023]
Job 1: Mapping reads to /home/odette/DIY/Homo_sapiens.GRCh38.cdna.all.index using kallisto for sample

[Fri Dec 15 21:24:35 2023]
Finished job 1.
1 of 2 steps (50%) done
Select jobs to execute...

[Fri Dec 15 21:24:35 2023]
localrule all:
    input: /home/odette/DIY/results/mapping/SRR8668772, /home/odette/DIY/results/mapping/SRR8668756, /home/odette/DIY/results/mapping/SRR8668774, /home/odette/DIY/results/mapping/SRR8668769, /home/odette/DIY/results/mapping/SRR8668771, /home/odette/DIY/results/mapping/SRR8668758, /home/odette/DIY/results/mapping/SRR8668773, /home/odette/DIY/results/mapping/SRR8668757, /home/odette/DIY/results/mapping/SRR8668755_1M_subsample, /home/odette/DIY/results/mapping/SRR8668755, /home/odette/DIY/results/mapping/SRR8668759, /home/odette/DIY/logs/subsample.log
    jobid: 0
    resources: tmpdir=/tmp

[Fri Dec 15 21:24:35 2023]
Finished job 0.
2 of 2 steps (100%) done
Complete log: /home/odette/DIY/.snakemake/log/2023-12-15T193741.109750.snakemake.log
