[2023-12-14 21:02:33,192] multiqc                                            [DEBUG  ]  This is MultiQC v1.14
[2023-12-14 21:02:33,192] multiqc                                            [DEBUG  ]  Command used: /home/odette/anaconda3/bin/multiqc -d /home/odette/DIY
[2023-12-14 21:02:35,312] multiqc                                            [WARNING]  MultiQC Version v1.17 now available!
[2023-12-14 21:02:35,312] multiqc                                            [DEBUG  ]  Working dir : /home/odette/DIY/workflows/rules/MULTIQC
[2023-12-14 21:02:35,312] multiqc                                            [DEBUG  ]  Template    : default
[2023-12-14 21:02:35,312] multiqc                                            [DEBUG  ]  Running Python 3.10.8 | packaged by conda-forge | (main, Nov 22 2022, 08:23:14) [GCC 10.4.0]
[2023-12-14 21:02:35,313] multiqc                                            [INFO   ]  Prepending directory to sample names
[2023-12-14 21:02:35,314] multiqc                                            [DEBUG  ]  Analysing modules: custom_content, ccs, ngsderive, purple, conpair, lima, peddy, somalier, methylQA, mosdepth, phantompeakqualtools, qualimap, preseq, hifiasm, quast, qorts, rna_seqc, rockhopper, rsem, rseqc, busco, bustools, goleft_indexcov, gffcompare, disambiguate, supernova, deeptools, sargasso, verifybamid, mirtrace, happy, mirtop, sambamba, gopeaks, homer, hops, macs2, theta2, snpeff, gatk, htseq, bcftools, featureCounts, fgbio, dragen, dragen_fastqc, dedup, pbmarkdup, damageprofiler, biobambam2, jcvi, mtnucratio, picard, vep, sentieon, prokka, qc3C, nanostat, samblaster, samtools, sexdeterrmine, eigenstratdatabasetools, bamtools, jellyfish, vcftools, longranger, stacks, varscan2, snippy, umitools, bbmap, bismark, biscuit, diamond, hicexplorer, hicup, hicpro, salmon, kallisto, slamdunk, star, hisat2, tophat, bowtie2, bowtie1, cellranger, snpsplit, odgi, pangolin, nextclade, humid, kat, leehom, adapterRemoval, bbduk, clipandmerge, cutadapt, flexbar, kaiju, kraken, malt, motus, trimmomatic, sickle, skewer, sortmerna, biobloomtools, fastq_screen, afterqc, fastp, fastqc, filtlong, prinseqplusplus, pychopper, porechop, pycoqc, minionqc, anglerfish, multivcfanalyzer, clusterflow, checkqc, bcl2fastq, bclconvert, interop, ivar, flash, seqyclean, optitype, whatshap
[2023-12-14 21:02:35,315] multiqc                                            [DEBUG  ]  Using temporary directory for creating report: /tmp/tmpc8bz8_ql
[2023-12-14 21:02:35,512] multiqc                                            [INFO   ]  Search path : /home/odette/DIY
[2023-12-14 21:02:38,823] multiqc                                            [DEBUG  ]  Summary of files that were skipped by the search: [skipped_file_contents_search_errors: 164] // [skipped_module_specific_max_filesize: 31] // [skipped_no_match: 28] // [skipped_directory_fn_ignore_dirs: 18] // [skipped_ignore_pattern: 12] // [skipped_filesize_limit: 1]
[2023-12-14 21:02:39,517] multiqc.plots.bargraph                             [DEBUG  ]  Using matplotlib version 3.5.3
[2023-12-14 21:02:39,518] multiqc.plots.linegraph                            [DEBUG  ]  Using matplotlib version 3.5.3
[2023-12-14 21:02:39,518] multiqc                                            [DEBUG  ]  No samples found: custom_content
[2023-12-14 21:02:39,525] multiqc.modules.kallisto.kallisto                  [INFO   ]  Found 1 reports
[2023-12-14 21:02:39,529] multiqc                                            [INFO   ]  Compressing plot data
[2023-12-14 21:02:39,531] multiqc                                            [INFO   ]  Report      : multiqc_report.html
[2023-12-14 21:02:39,531] multiqc                                            [INFO   ]  Data        : multiqc_data
[2023-12-14 21:02:39,531] multiqc                                            [DEBUG  ]  Moving data file from '/tmp/tmpc8bz8_ql/multiqc_data' to '/home/odette/DIY/workflows/rules/MULTIQC/multiqc_data'
[2023-12-14 21:02:39,648] multiqc                                            [INFO   ]  MultiQC complete
